0 info it worked if it ends with ok
1 verbose cli [ 'node', '/usr/local/bin/npm', 'install', 'jwt-sample', '--save' ]
2 info using npm@2.0.0
3 info using node@v0.10.29
4 warn package.json socialApp@ No description
5 warn package.json socialApp@ No repository field.
6 warn package.json socialApp@ No README data
7 verbose readDependencies using package.json deps
8 verbose cache add [ 'jwt-sample', null ]
9 verbose cache add spec="jwt-sample" args=["jwt-sample",null]
10 verbose parsed spec { raw: 'jwt-sample',
10 verbose parsed spec   scope: null,
10 verbose parsed spec   name: 'jwt-sample',
10 verbose parsed spec   rawSpec: '',
10 verbose parsed spec   spec: '*',
10 verbose parsed spec   type: 'range' }
11 verbose parsed spec { raw: 'jwt-sample',
11 verbose parsed spec   scope: null,
11 verbose parsed spec   name: 'jwt-sample',
11 verbose parsed spec   rawSpec: '',
11 verbose parsed spec   spec: '*',
11 verbose parsed spec   type: 'range' }
12 verbose addNamed [ 'jwt-sample', '*' ]
13 verbose addNamed [ null, '*' ]
14 silly lockFile e1a44889-jwt-sample jwt-sample@*
15 verbose lock jwt-sample@* /Users/melaporpora/.npm/e1a44889-jwt-sample.lock
16 silly addNameRange { name: 'jwt-sample', range: '*', hasData: false }
17 verbose mapToRegistry name jwt-sample
18 verbose mapToRegistry uri https://registry.npmjs.org/jwt-sample
19 verbose request on initialization, where is /jwt-sample
20 verbose request after pass 1, where is /jwt-sample
21 verbose request url raw /jwt-sample
22 verbose request resolving registry [ 'https://registry.npmjs.org/', './jwt-sample' ]
23 verbose request after pass 2, where is https://registry.npmjs.org/jwt-sample
24 verbose request no auth needed
25 info attempt registry request try #1 at 00:20:19
26 verbose request id cc400108a1dc6e4d
27 http request GET https://registry.npmjs.org/jwt-sample
28 http 404 https://registry.npmjs.org/jwt-sample
29 verbose headers { date: 'Wed, 03 Dec 2014 00:20:20 GMT',
29 verbose headers   server: 'CouchDB/1.5.0 (Erlang OTP/R16B03)',
29 verbose headers   'content-type': 'application/json',
29 verbose headers   'cache-control': 'max-age=0',
29 verbose headers   'content-length': '52',
29 verbose headers   'accept-ranges': 'bytes',
29 verbose headers   via: '1.1 varnish',
29 verbose headers   age: '0',
29 verbose headers   'x-served-by': 'cache-ams4136-AMS',
29 verbose headers   'x-cache': 'MISS',
29 verbose headers   'x-cache-hits': '0',
29 verbose headers   'x-timer': 'S1417566019.940072,VS0,VE382',
29 verbose headers   'keep-alive': 'timeout=10, max=50',
29 verbose headers   connection: 'Keep-Alive' }
30 silly registry.get cb [ 404,
30 silly registry.get   { date: 'Wed, 03 Dec 2014 00:20:20 GMT',
30 silly registry.get     server: 'CouchDB/1.5.0 (Erlang OTP/R16B03)',
30 silly registry.get     'content-type': 'application/json',
30 silly registry.get     'cache-control': 'max-age=0',
30 silly registry.get     'content-length': '52',
30 silly registry.get     'accept-ranges': 'bytes',
30 silly registry.get     via: '1.1 varnish',
30 silly registry.get     age: '0',
30 silly registry.get     'x-served-by': 'cache-ams4136-AMS',
30 silly registry.get     'x-cache': 'MISS',
30 silly registry.get     'x-cache-hits': '0',
30 silly registry.get     'x-timer': 'S1417566019.940072,VS0,VE382',
30 silly registry.get     'keep-alive': 'timeout=10, max=50',
30 silly registry.get     connection: 'Keep-Alive' } ]
31 silly lockFile e1a44889-jwt-sample jwt-sample@*
32 silly lockFile e1a44889-jwt-sample jwt-sample@*
33 verbose stack Error: 404 Not Found: jwt-sample
33 verbose stack     at RegClient.<anonymous> (/usr/local/lib/node_modules/npm/node_modules/npm-registry-client/lib/request.js:259:14)
33 verbose stack     at Request._callback (/usr/local/lib/node_modules/npm/node_modules/npm-registry-client/lib/request.js:198:65)
33 verbose stack     at Request.self.callback (/usr/local/lib/node_modules/npm/node_modules/request/request.js:236:22)
33 verbose stack     at Request.emit (events.js:98:17)
33 verbose stack     at Request.<anonymous> (/usr/local/lib/node_modules/npm/node_modules/request/request.js:1142:14)
33 verbose stack     at Request.emit (events.js:117:20)
33 verbose stack     at IncomingMessage.<anonymous> (/usr/local/lib/node_modules/npm/node_modules/request/request.js:1096:12)
33 verbose stack     at IncomingMessage.emit (events.js:117:20)
33 verbose stack     at _stream_readable.js:929:16
33 verbose stack     at process._tickCallback (node.js:419:13)
34 verbose statusCode 404
35 verbose pkgid jwt-sample
36 verbose cwd /Users/melaporpora/Desktop/mean-sample-scratch
37 error Darwin 13.3.0
38 error argv "node" "/usr/local/bin/npm" "install" "jwt-sample" "--save"
39 error node v0.10.29
40 error npm  v2.0.0
41 error code E404
42 error 404 Not Found: jwt-sample
42 error 404
42 error 404 'jwt-sample' is not in the npm registry.
42 error 404 You should bug the author to publish it (or use the name yourself!)
42 error 404 It was specified as a dependency of 'socialApp'
42 error 404
42 error 404 Note that you can also install from a
42 error 404 tarball, folder, http url, or git url.
43 verbose exit [ 1, true ]
